Vivado Simulator v2025.1.0
Copyright 1986-2022 Xilinx, Inc. All Rights Reserved.
Copyright 2022-2025 Advanced Micro Devices, Inc. All Rights Reserved.
Running: C:/Xilinx/2025.1/Vivado/bin/unwrapped/win64.o/xelab.exe --incr --debug typical --relax --mt 2 -L xil_defaultlib -L secureip --snapshot matrix_mult_tb_behav xil_defaultlib.matrix_mult_tb -log elaborate.log 
Using 2 slave threads.
Starting static elaboration
Completed static elaboration
Starting simulation data flow analysis
Completed simulation data flow analysis
Time Resolution for simulation is 1ps
Compiling package std.standard
Compiling package std.textio
Compiling package ieee.std_logic_1164
Compiling package ieee.numeric_std
Compiling package xil_defaultlib.matrix_pkg
Compiling architecture behavioral of entity xil_defaultlib.multiplier [multiplier_default]
Compiling architecture behavioral of entity xil_defaultlib.ripple_carry_adder [ripple_carry_adder_default]
Compiling architecture behavioral of entity xil_defaultlib.matrix_mult [\matrix_mult(input_width=6)\]
Compiling architecture behavioral of entity xil_defaultlib.matrix_mult_tb
Built simulation snapshot matrix_mult_tb_behav
